<?xml version="1.0" encoding="UTF-8"?>
<coverage generated="1746282845085" clover="3.2.0">
  <project timestamp="1746282845085" name="All files">
    <metrics statements="5" coveredstatements="0" conditionals="0" coveredconditionals="0" methods="0" coveredmethods="0" elements="5" coveredelements="0" complexity="0" loc="5" ncloc="5" packages="1" files="2" classes="2"/>
    <file name="supabase.ts" path="D:\source_code\AI_IT\recipe-app-v2\app\config\supabase.ts">
      <metrics statements="3" coveredstatements="0" conditionals="0" coveredconditionals="0" methods="0" coveredmethods="0"/>
      <line num="5" count="0" type="stmt"/>
      <line num="6" count="0" type="stmt"/>
      <line num="8" count="0" type="stmt"/>
    </file>
    <file name="theme.ts" path="D:\source_code\AI_IT\recipe-app-v2\app\config\theme.ts">
      <metrics statements="2" coveredstatements="0" conditionals="0" coveredconditionals="0" methods="0" coveredmethods="0"/>
      <line num="3" count="0" type="stmt"/>
      <line num="20" count="0" type="stmt"/>
    </file>
  </project>
</coverage>
