{"D:\\source_code\\AI_IT\\recipe-app-v2\\app\\config\\supabase.ts": {"path":"D:\\source_code\\AI_IT\\recipe-app-v2\\app\\config\\supabase.ts","statementMap":{"0":{"start":{"line":5,"column":20},"end":{"line":5,"column":62}},"1":{"start":{"line":6,"column":24},"end":{"line":6,"column":234}},"2":{"start":{"line":8,"column":24},"end":{"line":12,"column":2}}},"fnMap":{},"branchMap":{},"s":{"0":0,"1":0,"2":0},"f":{},"b":{}}
,"D:\\source_code\\AI_IT\\recipe-app-v2\\app\\config\\theme.ts": {"path":"D:\\source_code\\AI_IT\\recipe-app-v2\\app\\config\\theme.ts","statementMap":{"0":{"start":{"line":3,"column":19},"end":{"line":18,"column":1}},"1":{"start":{"line":20,"column":21},"end":{"line":34,"column":1}}},"fnMap":{},"branchMap":{},"s":{"0":0,"1":0},"f":{},"b":{}}
}
